<?xml version="1.0" encoding="UTF-8"?>
<!-- Generated by org.testng.reporters.JUnitXMLReporter -->
<testsuite ignored="0" hostname="DESKTOP-GJ9BB5T" failures="0" tests="6" name="Default test" time="230.119" errors="0" timestamp="2024-10-31T13:48:34 IST">
  <testcase classname="build001.OrangeHrm" name="jobtitle" time="19.273"/>
  <testcase classname="build001.OrangeHrm" name="paygrades" time="29.357"/>
  <testcase classname="build001.OrangeHrm" name="Employ_Status" time="9.966"/>
  <testcase classname="build001.OrangeHrm" name="Job_Categories" time="7.753"/>
  <testcase classname="build001.OrangeHrm" name="Add_Employee" time="111.673"/>
  <testcase classname="build001.OrangeHrm" name="Work_Shift" time="22.859"/>
</testsuite> <!-- Default test -->
